<?xml version="1.0" encoding="UTF-8"?>
<testsuite xmlns:xsi="http://www.w3.org/2001/XMLSchema-instance" xsi:noNamespaceSchemaLocation="https://maven.apache.org/surefire/maven-surefire-plugin/xsd/surefire-test-report-3.0.xsd" version="3.0" name="com.example.microservicio_proyectos.MicroservicioProyectosApplicationTests" time="7.204" tests="1" errors="0" skipped="0" failures="0">
  <properties>
[...]
</properties>
  <testcase name="contextLoads" classname="com.example.microservicio_proyectos.MicroservicioProyectosApplicationTests" time="0.428">
    <system-out><![CDATA[09:28:34.116 [main] INFO org.springframework.test.context.support.AnnotationConfigContextLoaderUtils -- Could not detect default configuration classes for test class [com.example.microservicio_proyectos.MicroservicioProyectosApplicationTests]: MicroservicioProyectosApplicationTests does not declare any static, non-private, non-final, nested classes annotated with @Configuration.
09:28:34.201 [main] INFO org.springframework.boot.test.context.SpringBootTestContextBootstrapper -- Found @SpringBootConfiguration com.example.microservicio_proyectos.MicroservicioProyectosApplication for test class com.example.microservicio_proyectos.MicroservicioProyectosApplicationTests

  .   ____          _            __ _ _
 /\\ / ___'_ __ _ _(_)_ __  __ _ \ \ \ \
( ( )\___ | '_ | '_| | '_ \/ _` | \ \ \ \
 \\/  ___)| |_)| | | | | || (_| |  ) ) ) )
  '  |____| .__|_| |_|_| |_\__, | / / / /
 =========|_|==============|___/=/_/_/_/

 :: Spring Boot ::                (v3.3.4)

2024-10-12T09:28:34.557-05:00  INFO 18436 --- [microservicio_proyectos] [           main] m.MicroservicioProyectosApplicationTests : Starting MicroservicioProyectosApplicationTests using Java 23 with PID 18436 (started by sergi in C:\Users\sergi\IdeaProjects\microservicio_proyectos)
2024-10-12T09:28:34.559-05:00  INFO 18436 --- [microservicio_proyectos] [           main] m.MicroservicioProyectosApplicationTests : No active profile set, falling back to 1 default profile: "default"
2024-10-12T09:28:35.161-05:00  INFO 18436 --- [microservicio_proyectos] [           main] .s.d.r.c.RepositoryConfigurationDelegate : Bootstrapping Spring Data JPA repositories in DEFAULT mode.
2024-10-12T09:28:35.275-05:00  INFO 18436 --- [microservicio_proyectos] [           main] .s.d.r.c.RepositoryConfigurationDelegate : Finished Spring Data repository scanning in 105 ms. Found 2 JPA repository interfaces.
2024-10-12T09:28:35.742-05:00  INFO 18436 --- [microservicio_proyectos] [           main] o.hibernate.jpa.internal.util.LogHelper  : HHH000204: Processing PersistenceUnitInfo [name: default]
2024-10-12T09:28:35.799-05:00  INFO 18436 --- [microservicio_proyectos] [           main] org.hibernate.Version                    : HHH000412: Hibernate ORM core version 6.5.3.Final
2024-10-12T09:28:35.838-05:00  INFO 18436 --- [microservicio_proyectos] [           main] o.h.c.internal.RegionFactoryInitiator    : HHH000026: Second-level cache disabled
2024-10-12T09:28:36.167-05:00  INFO 18436 --- [microservicio_proyectos] [           main] o.s.o.j.p.SpringPersistenceUnitInfo      : No LoadTimeWeaver setup: ignoring JPA class transformer
2024-10-12T09:28:36.214-05:00  INFO 18436 --- [microservicio_proyectos] [           main] com.zaxxer.hikari.HikariDataSource       : HikariPool-1 - Starting...
2024-10-12T09:28:37.725-05:00  INFO 18436 --- [microservicio_proyectos] [           main] com.zaxxer.hikari.pool.HikariPool        : HikariPool-1 - Added connection com.mysql.cj.jdbc.ConnectionImpl@40538370
2024-10-12T09:28:37.727-05:00  INFO 18436 --- [microservicio_proyectos] [           main] com.zaxxer.hikari.HikariDataSource       : HikariPool-1 - Start completed.
2024-10-12T09:28:37.958-05:00  WARN 18436 --- [microservicio_proyectos] [           main] org.hibernate.orm.deprecation            : HHH90000025: MySQLDialect does not need to be specified explicitly using 'hibernate.dialect' (remove the property setting and it will be selected by default)
2024-10-12T09:28:38.493-05:00  INFO 18436 --- [microservicio_proyectos] [           main] o.h.e.t.j.p.i.JtaPlatformInitiator       : HHH000489: No JTA platform available (set 'hibernate.transaction.jta.platform' to enable JTA platform integration)
2024-10-12T09:28:38.807-05:00 DEBUG 18436 --- [microservicio_proyectos] [           main] org.hibernate.SQL                        : alter table proyectos modify column descripcion TEXT
Hibernate: alter table proyectos modify column descripcion TEXT
2024-10-12T09:28:39.325-05:00  INFO 18436 --- [microservicio_proyectos] [           main] j.LocalContainerEntityManagerFactoryBean : Initialized JPA EntityManagerFactory for persistence unit 'default'
2024-10-12T09:28:40.039-05:00  WARN 18436 --- [microservicio_proyectos] [           main] JpaBaseConfiguration$JpaWebConfiguration : spring.jpa.open-in-view is enabled by default. Therefore, database queries may be performed during view rendering. Explicitly configure spring.jpa.open-in-view to disable this warning
2024-10-12T09:28:40.741-05:00  INFO 18436 --- [microservicio_proyectos] [           main] m.MicroservicioProyectosApplicationTests : Started MicroservicioProyectosApplicationTests in 6.432 seconds (process running for 7.22)
]]></system-out>
    <system-err><![CDATA[WARNING: A Java agent has been loaded dynamically (C:\Users\sergi\.m2\repository\net\bytebuddy\byte-buddy-agent\1.14.19\byte-buddy-agent-1.14.19.jar)
WARNING: If a serviceability tool is in use, please run with -XX:+EnableDynamicAgentLoading to hide this warning
WARNING: If a serviceability tool is not in use, please run with -Djdk.instrument.traceUsage for more information
WARNING: Dynamic loading of agents will be disallowed by default in a future release
]]></system-err>
  </testcase>
</testsuite>